<?xml version="1.0" encoding="UTF-8"?>
<!-- Generated by org.testng.reporters.JUnitReportReporter -->
<testsuite skipped="0" hostname="ADMIN-PC" name="Listener.TestNgMultipultBrowser" tests="1" failures="0" timestamp="2020-05-01T11:59:16 IST" time="4.433" errors="0">
  <testcase name="testdata" time="4.433" classname="Listener.TestNgMultipultBrowser"/>
</testsuite> <!-- Listener.TestNgMultipultBrowser -->
