<?xml version="1.0" encoding="UTF-8"?>
<!-- Generated by org.testng.reporters.JUnitReportReporter -->
<testsuite skipped="1" hostname="ADMIN-PC" name="demo.dependency" tests="2" failures="0" timestamp="2020-05-01T14:13:07 IST" time="0.026" errors="0">
  <testcase name="test1" time="0.026" classname="demo.dependency"/>
  <testcase name="test2" classname="demo.dependency">
    <skipped/>
  </testcase> <!-- test2 -->
</testsuite> <!-- demo.dependency -->
